[2024-04-29T19:53:27.086+0000] {processor.py:161} INFO - Started process (PID=666) to work on /opt/airflow/dags/dag_configure_database.py
[2024-04-29T19:53:27.122+0000] {processor.py:830} INFO - Processing file /opt/airflow/dags/dag_configure_database.py for tasks to queue
[2024-04-29T19:53:27.183+0000] {logging_mixin.py:188} INFO - [2024-04-29T19:53:27.175+0000] {dagbag.py:540} INFO - Filling up the DagBag from /opt/airflow/dags/dag_configure_database.py
[2024-04-29T19:53:27.314+0000] {logging_mixin.py:188} INFO - [2024-04-29T19:53:27.271+0000] {dagbag.py:350} ERROR - Failed to import: /opt/airflow/dags/dag_configure_database.py
Traceback (most recent call last):
  File "/home/airflow/.local/lib/python3.12/site-packages/airflow/models/dagbag.py", line 346, in parse
    loader.exec_module(new_module)
  File "<frozen importlib._bootstrap_external>", line 995, in exec_module
  File "<frozen importlib._bootstrap>", line 488, in _call_with_frames_removed
  File "/opt/airflow/dags/dag_configure_database.py", line 120, in <module>
    with DAG(
         ^^^^
  File "/home/airflow/.local/lib/python3.12/site-packages/airflow/models/dag.py", line 580, in __init__
    raise ValueError("DAG is missing the start_date parameter")
ValueError: DAG is missing the start_date parameter
[2024-04-29T19:53:27.318+0000] {processor.py:842} WARNING - No viable dags retrieved from /opt/airflow/dags/dag_configure_database.py
[2024-04-29T19:53:27.401+0000] {processor.py:183} INFO - Processing /opt/airflow/dags/dag_configure_database.py took 0.377 seconds
[2024-04-29T19:54:02.033+0000] {processor.py:161} INFO - Started process (PID=707) to work on /opt/airflow/dags/dag_configure_database.py
[2024-04-29T19:54:02.067+0000] {processor.py:830} INFO - Processing file /opt/airflow/dags/dag_configure_database.py for tasks to queue
[2024-04-29T19:54:02.129+0000] {logging_mixin.py:188} INFO - [2024-04-29T19:54:02.122+0000] {dagbag.py:540} INFO - Filling up the DagBag from /opt/airflow/dags/dag_configure_database.py
[2024-04-29T19:54:02.283+0000] {logging_mixin.py:188} INFO - [2024-04-29T19:54:02.248+0000] {dagbag.py:350} ERROR - Failed to import: /opt/airflow/dags/dag_configure_database.py
Traceback (most recent call last):
  File "/home/airflow/.local/lib/python3.12/site-packages/airflow/models/dagbag.py", line 346, in parse
    loader.exec_module(new_module)
  File "<frozen importlib._bootstrap_external>", line 995, in exec_module
  File "<frozen importlib._bootstrap>", line 488, in _call_with_frames_removed
  File "/opt/airflow/dags/dag_configure_database.py", line 121, in <module>
    with DAG(
         ^^^^
  File "/home/airflow/.local/lib/python3.12/site-packages/airflow/models/dag.py", line 580, in __init__
    raise ValueError("DAG is missing the start_date parameter")
ValueError: DAG is missing the start_date parameter
[2024-04-29T19:54:02.287+0000] {processor.py:842} WARNING - No viable dags retrieved from /opt/airflow/dags/dag_configure_database.py
[2024-04-29T19:54:02.452+0000] {processor.py:183} INFO - Processing /opt/airflow/dags/dag_configure_database.py took 0.493 seconds
[2024-04-29T19:54:37.129+0000] {processor.py:161} INFO - Started process (PID=760) to work on /opt/airflow/dags/dag_configure_database.py
[2024-04-29T19:54:37.131+0000] {processor.py:830} INFO - Processing file /opt/airflow/dags/dag_configure_database.py for tasks to queue
[2024-04-29T19:54:37.133+0000] {logging_mixin.py:188} INFO - [2024-04-29T19:54:37.133+0000] {dagbag.py:540} INFO - Filling up the DagBag from /opt/airflow/dags/dag_configure_database.py
[2024-04-29T19:54:37.177+0000] {logging_mixin.py:188} INFO - [2024-04-29T19:54:37.166+0000] {dagbag.py:350} ERROR - Failed to import: /opt/airflow/dags/dag_configure_database.py
Traceback (most recent call last):
  File "/home/airflow/.local/lib/python3.12/site-packages/airflow/models/dagbag.py", line 346, in parse
    loader.exec_module(new_module)
  File "<frozen importlib._bootstrap_external>", line 995, in exec_module
  File "<frozen importlib._bootstrap>", line 488, in _call_with_frames_removed
  File "/opt/airflow/dags/dag_configure_database.py", line 121, in <module>
    with DAG(
         ^^^^
  File "/home/airflow/.local/lib/python3.12/site-packages/airflow/models/dag.py", line 580, in __init__
    raise ValueError("DAG is missing the start_date parameter")
ValueError: DAG is missing the start_date parameter
[2024-04-29T19:54:37.180+0000] {processor.py:842} WARNING - No viable dags retrieved from /opt/airflow/dags/dag_configure_database.py
[2024-04-29T19:54:37.220+0000] {processor.py:183} INFO - Processing /opt/airflow/dags/dag_configure_database.py took 0.103 seconds
[2024-04-29T19:54:40.771+0000] {processor.py:161} INFO - Started process (PID=773) to work on /opt/airflow/dags/dag_configure_database.py
[2024-04-29T19:54:40.772+0000] {processor.py:830} INFO - Processing file /opt/airflow/dags/dag_configure_database.py for tasks to queue
[2024-04-29T19:54:40.774+0000] {logging_mixin.py:188} INFO - [2024-04-29T19:54:40.773+0000] {dagbag.py:540} INFO - Filling up the DagBag from /opt/airflow/dags/dag_configure_database.py
[2024-04-29T19:54:40.807+0000] {processor.py:840} INFO - DAG(s) 'config_db_v8' retrieved from /opt/airflow/dags/dag_configure_database.py
[2024-04-29T19:54:40.895+0000] {logging_mixin.py:188} INFO - [2024-04-29T19:54:40.895+0000] {override.py:1829} INFO - Created Permission View: can edit on DAG:config_db_v8
[2024-04-29T19:54:40.907+0000] {logging_mixin.py:188} INFO - [2024-04-29T19:54:40.907+0000] {override.py:1829} INFO - Created Permission View: can read on DAG:config_db_v8
[2024-04-29T19:54:40.917+0000] {logging_mixin.py:188} INFO - [2024-04-29T19:54:40.917+0000] {override.py:1829} INFO - Created Permission View: can delete on DAG:config_db_v8
[2024-04-29T19:54:40.918+0000] {logging_mixin.py:188} INFO - [2024-04-29T19:54:40.918+0000] {dag.py:3096} INFO - Sync 1 DAGs
[2024-04-29T19:54:40.933+0000] {logging_mixin.py:188} INFO - [2024-04-29T19:54:40.932+0000] {dag.py:3118} INFO - Creating ORM DAG for config_db_v8
[2024-04-29T19:54:40.946+0000] {logging_mixin.py:188} INFO - [2024-04-29T19:54:40.945+0000] {dag.py:3954} INFO - Setting next_dagrun for config_db_v8 to 2024-04-28 00:00:00+00:00, run_after=2024-04-28 00:00:00+00:00
[2024-04-29T19:54:40.971+0000] {processor.py:183} INFO - Processing /opt/airflow/dags/dag_configure_database.py took 0.205 seconds
[2024-04-29T19:55:11.650+0000] {processor.py:161} INFO - Started process (PID=832) to work on /opt/airflow/dags/dag_configure_database.py
[2024-04-29T19:55:11.653+0000] {processor.py:830} INFO - Processing file /opt/airflow/dags/dag_configure_database.py for tasks to queue
[2024-04-29T19:55:11.655+0000] {logging_mixin.py:188} INFO - [2024-04-29T19:55:11.654+0000] {dagbag.py:540} INFO - Filling up the DagBag from /opt/airflow/dags/dag_configure_database.py
[2024-04-29T19:55:11.710+0000] {processor.py:840} INFO - DAG(s) 'config_db_v8' retrieved from /opt/airflow/dags/dag_configure_database.py
[2024-04-29T19:55:11.764+0000] {logging_mixin.py:188} INFO - [2024-04-29T19:55:11.764+0000] {dag.py:3096} INFO - Sync 1 DAGs
[2024-04-29T19:55:11.820+0000] {logging_mixin.py:188} INFO - [2024-04-29T19:55:11.820+0000] {dag.py:3954} INFO - Setting next_dagrun for config_db_v8 to None, run_after=None
[2024-04-29T19:55:11.862+0000] {processor.py:183} INFO - Processing /opt/airflow/dags/dag_configure_database.py took 0.226 seconds
[2024-04-29T19:55:42.193+0000] {processor.py:161} INFO - Started process (PID=870) to work on /opt/airflow/dags/dag_configure_database.py
[2024-04-29T19:55:42.196+0000] {processor.py:830} INFO - Processing file /opt/airflow/dags/dag_configure_database.py for tasks to queue
[2024-04-29T19:55:42.198+0000] {logging_mixin.py:188} INFO - [2024-04-29T19:55:42.197+0000] {dagbag.py:540} INFO - Filling up the DagBag from /opt/airflow/dags/dag_configure_database.py
[2024-04-29T19:55:42.244+0000] {processor.py:840} INFO - DAG(s) 'config_db_v8' retrieved from /opt/airflow/dags/dag_configure_database.py
[2024-04-29T19:55:42.306+0000] {logging_mixin.py:188} INFO - [2024-04-29T19:55:42.306+0000] {dag.py:3096} INFO - Sync 1 DAGs
[2024-04-29T19:55:42.368+0000] {logging_mixin.py:188} INFO - [2024-04-29T19:55:42.367+0000] {dag.py:3954} INFO - Setting next_dagrun for config_db_v8 to None, run_after=None
[2024-04-29T19:55:42.446+0000] {processor.py:183} INFO - Processing /opt/airflow/dags/dag_configure_database.py took 0.265 seconds
[2024-04-29T19:56:13.016+0000] {processor.py:161} INFO - Started process (PID=910) to work on /opt/airflow/dags/dag_configure_database.py
[2024-04-29T19:56:13.019+0000] {processor.py:830} INFO - Processing file /opt/airflow/dags/dag_configure_database.py for tasks to queue
[2024-04-29T19:56:13.021+0000] {logging_mixin.py:188} INFO - [2024-04-29T19:56:13.021+0000] {dagbag.py:540} INFO - Filling up the DagBag from /opt/airflow/dags/dag_configure_database.py
[2024-04-29T19:56:13.111+0000] {processor.py:840} INFO - DAG(s) 'config_db_v8' retrieved from /opt/airflow/dags/dag_configure_database.py
[2024-04-29T19:56:13.477+0000] {logging_mixin.py:188} INFO - [2024-04-29T19:56:13.477+0000] {dag.py:3096} INFO - Sync 1 DAGs
[2024-04-29T19:56:13.657+0000] {logging_mixin.py:188} INFO - [2024-04-29T19:56:13.657+0000] {dag.py:3954} INFO - Setting next_dagrun for config_db_v8 to None, run_after=None
[2024-04-29T19:56:13.834+0000] {processor.py:183} INFO - Processing /opt/airflow/dags/dag_configure_database.py took 0.876 seconds
[2024-04-29T19:56:44.348+0000] {processor.py:161} INFO - Started process (PID=996) to work on /opt/airflow/dags/dag_configure_database.py
[2024-04-29T19:56:44.352+0000] {processor.py:830} INFO - Processing file /opt/airflow/dags/dag_configure_database.py for tasks to queue
[2024-04-29T19:56:44.356+0000] {logging_mixin.py:188} INFO - [2024-04-29T19:56:44.354+0000] {dagbag.py:540} INFO - Filling up the DagBag from /opt/airflow/dags/dag_configure_database.py
[2024-04-29T19:56:44.486+0000] {processor.py:840} INFO - DAG(s) 'config_db_v8' retrieved from /opt/airflow/dags/dag_configure_database.py
[2024-04-29T19:56:44.601+0000] {logging_mixin.py:188} INFO - [2024-04-29T19:56:44.601+0000] {dag.py:3096} INFO - Sync 1 DAGs
[2024-04-29T19:56:44.752+0000] {logging_mixin.py:188} INFO - [2024-04-29T19:56:44.750+0000] {dag.py:3954} INFO - Setting next_dagrun for config_db_v8 to None, run_after=None
[2024-04-29T19:56:44.874+0000] {processor.py:183} INFO - Processing /opt/airflow/dags/dag_configure_database.py took 0.770 seconds
[2024-04-29T19:57:15.306+0000] {processor.py:161} INFO - Started process (PID=1093) to work on /opt/airflow/dags/dag_configure_database.py
[2024-04-29T19:57:15.319+0000] {processor.py:830} INFO - Processing file /opt/airflow/dags/dag_configure_database.py for tasks to queue
[2024-04-29T19:57:15.325+0000] {logging_mixin.py:188} INFO - [2024-04-29T19:57:15.323+0000] {dagbag.py:540} INFO - Filling up the DagBag from /opt/airflow/dags/dag_configure_database.py
[2024-04-29T19:57:15.464+0000] {processor.py:840} INFO - DAG(s) 'config_db_v8' retrieved from /opt/airflow/dags/dag_configure_database.py
[2024-04-29T19:57:15.560+0000] {logging_mixin.py:188} INFO - [2024-04-29T19:57:15.560+0000] {dag.py:3096} INFO - Sync 1 DAGs
[2024-04-29T19:57:15.639+0000] {logging_mixin.py:188} INFO - [2024-04-29T19:57:15.639+0000] {dag.py:3954} INFO - Setting next_dagrun for config_db_v8 to None, run_after=None
[2024-04-29T19:57:15.713+0000] {processor.py:183} INFO - Processing /opt/airflow/dags/dag_configure_database.py took 0.439 seconds
[2024-04-29T19:57:46.372+0000] {processor.py:161} INFO - Started process (PID=1172) to work on /opt/airflow/dags/dag_configure_database.py
[2024-04-29T19:57:46.374+0000] {processor.py:830} INFO - Processing file /opt/airflow/dags/dag_configure_database.py for tasks to queue
[2024-04-29T19:57:46.376+0000] {logging_mixin.py:188} INFO - [2024-04-29T19:57:46.375+0000] {dagbag.py:540} INFO - Filling up the DagBag from /opt/airflow/dags/dag_configure_database.py
[2024-04-29T19:57:46.459+0000] {processor.py:840} INFO - DAG(s) 'config_db_v8' retrieved from /opt/airflow/dags/dag_configure_database.py
[2024-04-29T19:57:46.492+0000] {logging_mixin.py:188} INFO - [2024-04-29T19:57:46.492+0000] {dag.py:3096} INFO - Sync 1 DAGs
[2024-04-29T19:57:46.521+0000] {logging_mixin.py:188} INFO - [2024-04-29T19:57:46.521+0000] {dag.py:3954} INFO - Setting next_dagrun for config_db_v8 to None, run_after=None
[2024-04-29T19:57:46.553+0000] {processor.py:183} INFO - Processing /opt/airflow/dags/dag_configure_database.py took 0.189 seconds
[2024-04-29T19:58:16.685+0000] {processor.py:161} INFO - Started process (PID=1264) to work on /opt/airflow/dags/dag_configure_database.py
[2024-04-29T19:58:16.689+0000] {processor.py:830} INFO - Processing file /opt/airflow/dags/dag_configure_database.py for tasks to queue
[2024-04-29T19:58:16.692+0000] {logging_mixin.py:188} INFO - [2024-04-29T19:58:16.691+0000] {dagbag.py:540} INFO - Filling up the DagBag from /opt/airflow/dags/dag_configure_database.py
[2024-04-29T19:58:16.755+0000] {processor.py:840} INFO - DAG(s) 'config_db_v8' retrieved from /opt/airflow/dags/dag_configure_database.py
[2024-04-29T19:58:16.804+0000] {logging_mixin.py:188} INFO - [2024-04-29T19:58:16.804+0000] {dag.py:3096} INFO - Sync 1 DAGs
[2024-04-29T19:58:16.844+0000] {logging_mixin.py:188} INFO - [2024-04-29T19:58:16.844+0000] {dag.py:3954} INFO - Setting next_dagrun for config_db_v8 to None, run_after=None
[2024-04-29T19:58:16.893+0000] {processor.py:183} INFO - Processing /opt/airflow/dags/dag_configure_database.py took 0.221 seconds
[2024-04-29T19:58:47.388+0000] {processor.py:161} INFO - Started process (PID=1344) to work on /opt/airflow/dags/dag_configure_database.py
[2024-04-29T19:58:47.391+0000] {processor.py:830} INFO - Processing file /opt/airflow/dags/dag_configure_database.py for tasks to queue
[2024-04-29T19:58:47.394+0000] {logging_mixin.py:188} INFO - [2024-04-29T19:58:47.393+0000] {dagbag.py:540} INFO - Filling up the DagBag from /opt/airflow/dags/dag_configure_database.py
[2024-04-29T19:58:47.436+0000] {processor.py:840} INFO - DAG(s) 'config_db_v8' retrieved from /opt/airflow/dags/dag_configure_database.py
[2024-04-29T19:58:47.500+0000] {logging_mixin.py:188} INFO - [2024-04-29T19:58:47.500+0000] {dag.py:3096} INFO - Sync 1 DAGs
[2024-04-29T19:58:47.558+0000] {logging_mixin.py:188} INFO - [2024-04-29T19:58:47.557+0000] {dag.py:3954} INFO - Setting next_dagrun for config_db_v8 to None, run_after=None
[2024-04-29T19:58:47.621+0000] {processor.py:183} INFO - Processing /opt/airflow/dags/dag_configure_database.py took 0.249 seconds
[2024-04-29T19:59:18.262+0000] {processor.py:161} INFO - Started process (PID=1436) to work on /opt/airflow/dags/dag_configure_database.py
[2024-04-29T19:59:18.264+0000] {processor.py:830} INFO - Processing file /opt/airflow/dags/dag_configure_database.py for tasks to queue
[2024-04-29T19:59:18.266+0000] {logging_mixin.py:188} INFO - [2024-04-29T19:59:18.265+0000] {dagbag.py:540} INFO - Filling up the DagBag from /opt/airflow/dags/dag_configure_database.py
[2024-04-29T19:59:18.301+0000] {processor.py:840} INFO - DAG(s) 'config_db_v8' retrieved from /opt/airflow/dags/dag_configure_database.py
[2024-04-29T19:59:18.342+0000] {logging_mixin.py:188} INFO - [2024-04-29T19:59:18.342+0000] {dag.py:3096} INFO - Sync 1 DAGs
[2024-04-29T19:59:18.377+0000] {logging_mixin.py:188} INFO - [2024-04-29T19:59:18.377+0000] {dag.py:3954} INFO - Setting next_dagrun for config_db_v8 to None, run_after=None
[2024-04-29T19:59:18.409+0000] {processor.py:183} INFO - Processing /opt/airflow/dags/dag_configure_database.py took 0.156 seconds
[2024-04-29T19:59:48.538+0000] {processor.py:161} INFO - Started process (PID=1496) to work on /opt/airflow/dags/dag_configure_database.py
[2024-04-29T19:59:48.540+0000] {processor.py:830} INFO - Processing file /opt/airflow/dags/dag_configure_database.py for tasks to queue
[2024-04-29T19:59:48.542+0000] {logging_mixin.py:188} INFO - [2024-04-29T19:59:48.541+0000] {dagbag.py:540} INFO - Filling up the DagBag from /opt/airflow/dags/dag_configure_database.py
[2024-04-29T19:59:48.571+0000] {processor.py:840} INFO - DAG(s) 'config_db_v8' retrieved from /opt/airflow/dags/dag_configure_database.py
[2024-04-29T19:59:48.612+0000] {logging_mixin.py:188} INFO - [2024-04-29T19:59:48.612+0000] {dag.py:3096} INFO - Sync 1 DAGs
[2024-04-29T19:59:48.644+0000] {logging_mixin.py:188} INFO - [2024-04-29T19:59:48.644+0000] {dag.py:3954} INFO - Setting next_dagrun for config_db_v8 to None, run_after=None
[2024-04-29T19:59:48.671+0000] {processor.py:183} INFO - Processing /opt/airflow/dags/dag_configure_database.py took 0.144 seconds
[2024-04-29T20:00:19.053+0000] {processor.py:161} INFO - Started process (PID=1609) to work on /opt/airflow/dags/dag_configure_database.py
[2024-04-29T20:00:19.055+0000] {processor.py:830} INFO - Processing file /opt/airflow/dags/dag_configure_database.py for tasks to queue
[2024-04-29T20:00:19.057+0000] {logging_mixin.py:188} INFO - [2024-04-29T20:00:19.056+0000] {dagbag.py:540} INFO - Filling up the DagBag from /opt/airflow/dags/dag_configure_database.py
[2024-04-29T20:00:19.112+0000] {processor.py:840} INFO - DAG(s) 'config_db_v8' retrieved from /opt/airflow/dags/dag_configure_database.py
[2024-04-29T20:00:19.155+0000] {logging_mixin.py:188} INFO - [2024-04-29T20:00:19.155+0000] {dag.py:3096} INFO - Sync 1 DAGs
[2024-04-29T20:00:19.189+0000] {logging_mixin.py:188} INFO - [2024-04-29T20:00:19.189+0000] {dag.py:3954} INFO - Setting next_dagrun for config_db_v8 to None, run_after=None
[2024-04-29T20:00:19.226+0000] {processor.py:183} INFO - Processing /opt/airflow/dags/dag_configure_database.py took 0.182 seconds
[2024-04-29T20:00:49.343+0000] {processor.py:161} INFO - Started process (PID=1668) to work on /opt/airflow/dags/dag_configure_database.py
[2024-04-29T20:00:49.345+0000] {processor.py:830} INFO - Processing file /opt/airflow/dags/dag_configure_database.py for tasks to queue
[2024-04-29T20:00:49.347+0000] {logging_mixin.py:188} INFO - [2024-04-29T20:00:49.347+0000] {dagbag.py:540} INFO - Filling up the DagBag from /opt/airflow/dags/dag_configure_database.py
[2024-04-29T20:00:49.401+0000] {processor.py:840} INFO - DAG(s) 'config_db_v8' retrieved from /opt/airflow/dags/dag_configure_database.py
[2024-04-29T20:00:49.445+0000] {logging_mixin.py:188} INFO - [2024-04-29T20:00:49.445+0000] {dag.py:3096} INFO - Sync 1 DAGs
[2024-04-29T20:00:49.483+0000] {logging_mixin.py:188} INFO - [2024-04-29T20:00:49.483+0000] {dag.py:3954} INFO - Setting next_dagrun for config_db_v8 to None, run_after=None
[2024-04-29T20:00:49.515+0000] {processor.py:183} INFO - Processing /opt/airflow/dags/dag_configure_database.py took 0.182 seconds
[2024-04-29T20:01:19.755+0000] {processor.py:161} INFO - Started process (PID=1781) to work on /opt/airflow/dags/dag_configure_database.py
[2024-04-29T20:01:19.756+0000] {processor.py:830} INFO - Processing file /opt/airflow/dags/dag_configure_database.py for tasks to queue
[2024-04-29T20:01:19.757+0000] {logging_mixin.py:188} INFO - [2024-04-29T20:01:19.757+0000] {dagbag.py:540} INFO - Filling up the DagBag from /opt/airflow/dags/dag_configure_database.py
[2024-04-29T20:01:19.786+0000] {processor.py:840} INFO - DAG(s) 'config_db_v8' retrieved from /opt/airflow/dags/dag_configure_database.py
[2024-04-29T20:01:19.825+0000] {logging_mixin.py:188} INFO - [2024-04-29T20:01:19.824+0000] {dag.py:3096} INFO - Sync 1 DAGs
[2024-04-29T20:01:19.848+0000] {logging_mixin.py:188} INFO - [2024-04-29T20:01:19.848+0000] {dag.py:3954} INFO - Setting next_dagrun for config_db_v8 to None, run_after=None
[2024-04-29T20:01:19.871+0000] {processor.py:183} INFO - Processing /opt/airflow/dags/dag_configure_database.py took 0.123 seconds
[2024-04-29T20:01:50.458+0000] {processor.py:161} INFO - Started process (PID=1840) to work on /opt/airflow/dags/dag_configure_database.py
[2024-04-29T20:01:50.461+0000] {processor.py:830} INFO - Processing file /opt/airflow/dags/dag_configure_database.py for tasks to queue
[2024-04-29T20:01:50.463+0000] {logging_mixin.py:188} INFO - [2024-04-29T20:01:50.463+0000] {dagbag.py:540} INFO - Filling up the DagBag from /opt/airflow/dags/dag_configure_database.py
[2024-04-29T20:01:50.519+0000] {processor.py:840} INFO - DAG(s) 'config_db_v8' retrieved from /opt/airflow/dags/dag_configure_database.py
[2024-04-29T20:01:50.567+0000] {logging_mixin.py:188} INFO - [2024-04-29T20:01:50.567+0000] {dag.py:3096} INFO - Sync 1 DAGs
[2024-04-29T20:01:50.605+0000] {logging_mixin.py:188} INFO - [2024-04-29T20:01:50.604+0000] {dag.py:3954} INFO - Setting next_dagrun for config_db_v8 to None, run_after=None
[2024-04-29T20:01:50.654+0000] {processor.py:183} INFO - Processing /opt/airflow/dags/dag_configure_database.py took 0.209 seconds
[2024-04-29T20:02:21.151+0000] {processor.py:161} INFO - Started process (PID=1953) to work on /opt/airflow/dags/dag_configure_database.py
[2024-04-29T20:02:21.153+0000] {processor.py:830} INFO - Processing file /opt/airflow/dags/dag_configure_database.py for tasks to queue
[2024-04-29T20:02:21.154+0000] {logging_mixin.py:188} INFO - [2024-04-29T20:02:21.153+0000] {dagbag.py:540} INFO - Filling up the DagBag from /opt/airflow/dags/dag_configure_database.py
[2024-04-29T20:02:21.194+0000] {processor.py:840} INFO - DAG(s) 'config_db_v8' retrieved from /opt/airflow/dags/dag_configure_database.py
[2024-04-29T20:02:21.225+0000] {logging_mixin.py:188} INFO - [2024-04-29T20:02:21.224+0000] {dag.py:3096} INFO - Sync 1 DAGs
[2024-04-29T20:02:21.249+0000] {logging_mixin.py:188} INFO - [2024-04-29T20:02:21.249+0000] {dag.py:3954} INFO - Setting next_dagrun for config_db_v8 to None, run_after=None
[2024-04-29T20:02:21.276+0000] {processor.py:183} INFO - Processing /opt/airflow/dags/dag_configure_database.py took 0.131 seconds
[2024-04-29T20:02:51.657+0000] {processor.py:161} INFO - Started process (PID=2012) to work on /opt/airflow/dags/dag_configure_database.py
[2024-04-29T20:02:51.659+0000] {processor.py:830} INFO - Processing file /opt/airflow/dags/dag_configure_database.py for tasks to queue
[2024-04-29T20:02:51.660+0000] {logging_mixin.py:188} INFO - [2024-04-29T20:02:51.659+0000] {dagbag.py:540} INFO - Filling up the DagBag from /opt/airflow/dags/dag_configure_database.py
[2024-04-29T20:02:51.689+0000] {processor.py:840} INFO - DAG(s) 'config_db_v8' retrieved from /opt/airflow/dags/dag_configure_database.py
[2024-04-29T20:02:51.716+0000] {logging_mixin.py:188} INFO - [2024-04-29T20:02:51.716+0000] {dag.py:3096} INFO - Sync 1 DAGs
[2024-04-29T20:02:51.740+0000] {logging_mixin.py:188} INFO - [2024-04-29T20:02:51.740+0000] {dag.py:3954} INFO - Setting next_dagrun for config_db_v8 to None, run_after=None
[2024-04-29T20:02:51.766+0000] {processor.py:183} INFO - Processing /opt/airflow/dags/dag_configure_database.py took 0.114 seconds
[2024-04-29T20:03:22.068+0000] {processor.py:161} INFO - Started process (PID=2113) to work on /opt/airflow/dags/dag_configure_database.py
[2024-04-29T20:03:22.069+0000] {processor.py:830} INFO - Processing file /opt/airflow/dags/dag_configure_database.py for tasks to queue
[2024-04-29T20:03:22.071+0000] {logging_mixin.py:188} INFO - [2024-04-29T20:03:22.071+0000] {dagbag.py:540} INFO - Filling up the DagBag from /opt/airflow/dags/dag_configure_database.py
[2024-04-29T20:03:22.111+0000] {processor.py:840} INFO - DAG(s) 'config_db_v8' retrieved from /opt/airflow/dags/dag_configure_database.py
[2024-04-29T20:03:22.143+0000] {logging_mixin.py:188} INFO - [2024-04-29T20:03:22.143+0000] {dag.py:3096} INFO - Sync 1 DAGs
[2024-04-29T20:03:22.168+0000] {logging_mixin.py:188} INFO - [2024-04-29T20:03:22.168+0000] {dag.py:3954} INFO - Setting next_dagrun for config_db_v8 to None, run_after=None
[2024-04-29T20:03:22.199+0000] {processor.py:183} INFO - Processing /opt/airflow/dags/dag_configure_database.py took 0.138 seconds
[2024-04-29T20:03:52.740+0000] {processor.py:161} INFO - Started process (PID=2205) to work on /opt/airflow/dags/dag_configure_database.py
[2024-04-29T20:03:52.741+0000] {processor.py:830} INFO - Processing file /opt/airflow/dags/dag_configure_database.py for tasks to queue
[2024-04-29T20:03:52.743+0000] {logging_mixin.py:188} INFO - [2024-04-29T20:03:52.742+0000] {dagbag.py:540} INFO - Filling up the DagBag from /opt/airflow/dags/dag_configure_database.py
[2024-04-29T20:03:52.768+0000] {processor.py:840} INFO - DAG(s) 'config_db_v8' retrieved from /opt/airflow/dags/dag_configure_database.py
[2024-04-29T20:03:52.790+0000] {logging_mixin.py:188} INFO - [2024-04-29T20:03:52.790+0000] {dag.py:3096} INFO - Sync 1 DAGs
[2024-04-29T20:03:52.812+0000] {logging_mixin.py:188} INFO - [2024-04-29T20:03:52.812+0000] {dag.py:3954} INFO - Setting next_dagrun for config_db_v8 to None, run_after=None
[2024-04-29T20:03:52.833+0000] {processor.py:183} INFO - Processing /opt/airflow/dags/dag_configure_database.py took 0.098 seconds
[2024-04-29T20:04:23.335+0000] {processor.py:161} INFO - Started process (PID=2262) to work on /opt/airflow/dags/dag_configure_database.py
[2024-04-29T20:04:23.337+0000] {processor.py:830} INFO - Processing file /opt/airflow/dags/dag_configure_database.py for tasks to queue
[2024-04-29T20:04:23.338+0000] {logging_mixin.py:188} INFO - [2024-04-29T20:04:23.338+0000] {dagbag.py:540} INFO - Filling up the DagBag from /opt/airflow/dags/dag_configure_database.py
[2024-04-29T20:04:23.367+0000] {processor.py:840} INFO - DAG(s) 'config_db_v8' retrieved from /opt/airflow/dags/dag_configure_database.py
[2024-04-29T20:04:23.396+0000] {logging_mixin.py:188} INFO - [2024-04-29T20:04:23.396+0000] {dag.py:3096} INFO - Sync 1 DAGs
[2024-04-29T20:04:23.421+0000] {logging_mixin.py:188} INFO - [2024-04-29T20:04:23.421+0000] {dag.py:3954} INFO - Setting next_dagrun for config_db_v8 to None, run_after=None
[2024-04-29T20:04:23.460+0000] {processor.py:183} INFO - Processing /opt/airflow/dags/dag_configure_database.py took 0.132 seconds
[2024-04-29T20:04:53.647+0000] {processor.py:161} INFO - Started process (PID=2323) to work on /opt/airflow/dags/dag_configure_database.py
[2024-04-29T20:04:53.649+0000] {processor.py:830} INFO - Processing file /opt/airflow/dags/dag_configure_database.py for tasks to queue
[2024-04-29T20:04:53.650+0000] {logging_mixin.py:188} INFO - [2024-04-29T20:04:53.650+0000] {dagbag.py:540} INFO - Filling up the DagBag from /opt/airflow/dags/dag_configure_database.py
[2024-04-29T20:04:53.695+0000] {processor.py:840} INFO - DAG(s) 'config_db_v8' retrieved from /opt/airflow/dags/dag_configure_database.py
[2024-04-29T20:04:53.727+0000] {logging_mixin.py:188} INFO - [2024-04-29T20:04:53.727+0000] {dag.py:3096} INFO - Sync 1 DAGs
[2024-04-29T20:04:53.755+0000] {logging_mixin.py:188} INFO - [2024-04-29T20:04:53.754+0000] {dag.py:3954} INFO - Setting next_dagrun for config_db_v8 to None, run_after=None
[2024-04-29T20:04:53.785+0000] {processor.py:183} INFO - Processing /opt/airflow/dags/dag_configure_database.py took 0.145 seconds
[2024-04-29T20:05:24.253+0000] {processor.py:161} INFO - Started process (PID=2382) to work on /opt/airflow/dags/dag_configure_database.py
[2024-04-29T20:05:24.255+0000] {processor.py:830} INFO - Processing file /opt/airflow/dags/dag_configure_database.py for tasks to queue
[2024-04-29T20:05:24.256+0000] {logging_mixin.py:188} INFO - [2024-04-29T20:05:24.256+0000] {dagbag.py:540} INFO - Filling up the DagBag from /opt/airflow/dags/dag_configure_database.py
[2024-04-29T20:05:24.278+0000] {processor.py:840} INFO - DAG(s) 'config_db_v8' retrieved from /opt/airflow/dags/dag_configure_database.py
[2024-04-29T20:05:24.308+0000] {logging_mixin.py:188} INFO - [2024-04-29T20:05:24.308+0000] {dag.py:3096} INFO - Sync 1 DAGs
[2024-04-29T20:05:24.329+0000] {logging_mixin.py:188} INFO - [2024-04-29T20:05:24.329+0000] {dag.py:3954} INFO - Setting next_dagrun for config_db_v8 to None, run_after=None
[2024-04-29T20:05:24.349+0000] {processor.py:183} INFO - Processing /opt/airflow/dags/dag_configure_database.py took 0.104 seconds
[2024-04-29T20:05:54.920+0000] {processor.py:161} INFO - Started process (PID=2441) to work on /opt/airflow/dags/dag_configure_database.py
[2024-04-29T20:05:54.921+0000] {processor.py:830} INFO - Processing file /opt/airflow/dags/dag_configure_database.py for tasks to queue
[2024-04-29T20:05:54.923+0000] {logging_mixin.py:188} INFO - [2024-04-29T20:05:54.923+0000] {dagbag.py:540} INFO - Filling up the DagBag from /opt/airflow/dags/dag_configure_database.py
[2024-04-29T20:05:54.958+0000] {processor.py:840} INFO - DAG(s) 'config_db_v8' retrieved from /opt/airflow/dags/dag_configure_database.py
[2024-04-29T20:05:54.992+0000] {logging_mixin.py:188} INFO - [2024-04-29T20:05:54.992+0000] {dag.py:3096} INFO - Sync 1 DAGs
[2024-04-29T20:05:55.018+0000] {logging_mixin.py:188} INFO - [2024-04-29T20:05:55.018+0000] {dag.py:3954} INFO - Setting next_dagrun for config_db_v8 to None, run_after=None
[2024-04-29T20:05:55.042+0000] {processor.py:183} INFO - Processing /opt/airflow/dags/dag_configure_database.py took 0.129 seconds
[2024-04-29T20:06:25.502+0000] {processor.py:161} INFO - Started process (PID=2500) to work on /opt/airflow/dags/dag_configure_database.py
[2024-04-29T20:06:25.503+0000] {processor.py:830} INFO - Processing file /opt/airflow/dags/dag_configure_database.py for tasks to queue
[2024-04-29T20:06:25.504+0000] {logging_mixin.py:188} INFO - [2024-04-29T20:06:25.504+0000] {dagbag.py:540} INFO - Filling up the DagBag from /opt/airflow/dags/dag_configure_database.py
[2024-04-29T20:06:25.531+0000] {processor.py:840} INFO - DAG(s) 'config_db_v8' retrieved from /opt/airflow/dags/dag_configure_database.py
[2024-04-29T20:06:25.562+0000] {logging_mixin.py:188} INFO - [2024-04-29T20:06:25.562+0000] {dag.py:3096} INFO - Sync 1 DAGs
[2024-04-29T20:06:25.584+0000] {logging_mixin.py:188} INFO - [2024-04-29T20:06:25.583+0000] {dag.py:3954} INFO - Setting next_dagrun for config_db_v8 to None, run_after=None
[2024-04-29T20:06:25.608+0000] {processor.py:183} INFO - Processing /opt/airflow/dags/dag_configure_database.py took 0.112 seconds
[2024-04-29T20:06:56.259+0000] {processor.py:161} INFO - Started process (PID=2559) to work on /opt/airflow/dags/dag_configure_database.py
[2024-04-29T20:06:56.261+0000] {processor.py:830} INFO - Processing file /opt/airflow/dags/dag_configure_database.py for tasks to queue
[2024-04-29T20:06:56.265+0000] {logging_mixin.py:188} INFO - [2024-04-29T20:06:56.264+0000] {dagbag.py:540} INFO - Filling up the DagBag from /opt/airflow/dags/dag_configure_database.py
[2024-04-29T20:06:56.323+0000] {processor.py:840} INFO - DAG(s) 'config_db_v8' retrieved from /opt/airflow/dags/dag_configure_database.py
[2024-04-29T20:06:56.387+0000] {logging_mixin.py:188} INFO - [2024-04-29T20:06:56.386+0000] {dag.py:3096} INFO - Sync 1 DAGs
[2024-04-29T20:06:56.448+0000] {logging_mixin.py:188} INFO - [2024-04-29T20:06:56.447+0000] {dag.py:3954} INFO - Setting next_dagrun for config_db_v8 to None, run_after=None
[2024-04-29T20:06:56.503+0000] {processor.py:183} INFO - Processing /opt/airflow/dags/dag_configure_database.py took 0.259 seconds
[2024-04-29T20:07:26.763+0000] {processor.py:161} INFO - Started process (PID=2618) to work on /opt/airflow/dags/dag_configure_database.py
[2024-04-29T20:07:26.765+0000] {processor.py:830} INFO - Processing file /opt/airflow/dags/dag_configure_database.py for tasks to queue
[2024-04-29T20:07:26.767+0000] {logging_mixin.py:188} INFO - [2024-04-29T20:07:26.767+0000] {dagbag.py:540} INFO - Filling up the DagBag from /opt/airflow/dags/dag_configure_database.py
[2024-04-29T20:07:26.824+0000] {processor.py:840} INFO - DAG(s) 'config_db_v8' retrieved from /opt/airflow/dags/dag_configure_database.py
[2024-04-29T20:07:26.858+0000] {logging_mixin.py:188} INFO - [2024-04-29T20:07:26.858+0000] {dag.py:3096} INFO - Sync 1 DAGs
[2024-04-29T20:07:26.881+0000] {logging_mixin.py:188} INFO - [2024-04-29T20:07:26.881+0000] {dag.py:3954} INFO - Setting next_dagrun for config_db_v8 to None, run_after=None
[2024-04-29T20:07:26.905+0000] {processor.py:183} INFO - Processing /opt/airflow/dags/dag_configure_database.py took 0.152 seconds
[2024-04-29T20:07:57.120+0000] {processor.py:161} INFO - Started process (PID=2677) to work on /opt/airflow/dags/dag_configure_database.py
[2024-04-29T20:07:57.122+0000] {processor.py:830} INFO - Processing file /opt/airflow/dags/dag_configure_database.py for tasks to queue
[2024-04-29T20:07:57.124+0000] {logging_mixin.py:188} INFO - [2024-04-29T20:07:57.123+0000] {dagbag.py:540} INFO - Filling up the DagBag from /opt/airflow/dags/dag_configure_database.py
[2024-04-29T20:07:57.169+0000] {processor.py:840} INFO - DAG(s) 'config_db_v8' retrieved from /opt/airflow/dags/dag_configure_database.py
[2024-04-29T20:07:57.201+0000] {logging_mixin.py:188} INFO - [2024-04-29T20:07:57.200+0000] {dag.py:3096} INFO - Sync 1 DAGs
[2024-04-29T20:07:57.226+0000] {logging_mixin.py:188} INFO - [2024-04-29T20:07:57.226+0000] {dag.py:3954} INFO - Setting next_dagrun for config_db_v8 to None, run_after=None
[2024-04-29T20:07:57.252+0000] {processor.py:183} INFO - Processing /opt/airflow/dags/dag_configure_database.py took 0.140 seconds
