[2024-04-29T17:17:22.017+0000] {local_task_job_runner.py:120} INFO - ::group::Pre task execution logs
[2024-04-29T17:17:22.184+0000] {taskinstance.py:2073} INFO - Dependencies all met for dep_context=non-requeueable deps ti=<TaskInstance: fill_data_v11.raw scheduled__2024-04-28T00:00:00+00:00 [queued]>
[2024-04-29T17:17:22.191+0000] {taskinstance.py:2073} INFO - Dependencies all met for dep_context=requeueable deps ti=<TaskInstance: fill_data_v11.raw scheduled__2024-04-28T00:00:00+00:00 [queued]>
[2024-04-29T17:17:22.194+0000] {taskinstance.py:2303} INFO - Starting attempt 1 of 6
[2024-04-29T17:17:22.205+0000] {taskinstance.py:2327} INFO - Executing <Task(PythonOperator): raw> on 2024-04-28 00:00:00+00:00
[2024-04-29T17:17:22.211+0000] {standard_task_runner.py:90} INFO - Running: ['***', 'tasks', 'run', 'fill_data_v11', 'raw', 'scheduled__2024-04-28T00:00:00+00:00', '--job-id', '14', '--raw', '--subdir', 'DAGS_FOLDER/dag_raw_processed.py', '--cfg-path', '/tmp/tmp2llst16v']
[2024-04-29T17:17:22.213+0000] {standard_task_runner.py:91} INFO - Job 14: Subtask raw
[2024-04-29T17:17:22.213+0000] {logging_mixin.py:188} WARNING - /home/***/.local/lib/python3.12/site-packages/***/task/task_runner/standard_task_runner.py:61 DeprecationWarning: This process (pid=1161) is multi-threaded, use of fork() may lead to deadlocks in the child.
[2024-04-29T17:17:22.213+0000] {standard_task_runner.py:63} INFO - Started process 1163 to run task
[2024-04-29T17:17:22.247+0000] {task_command.py:426} INFO - Running <TaskInstance: fill_data_v11.raw scheduled__2024-04-28T00:00:00+00:00 [running]> on host 15fcc90b2790
[2024-04-29T17:17:22.308+0000] {taskinstance.py:2644} INFO - Exporting env vars: AIRFLOW_CTX_DAG_OWNER='mosula' AIRFLOW_CTX_DAG_ID='fill_data_v11' AIRFLOW_CTX_TASK_ID='raw' AIRFLOW_CTX_EXECUTION_DATE='2024-04-28T00:00:00+00:00' AIRFLOW_CTX_TRY_NUMBER='1' AIRFLOW_CTX_DAG_RUN_ID='scheduled__2024-04-28T00:00:00+00:00'
[2024-04-29T17:17:22.309+0000] {taskinstance.py:430} INFO - ::endgroup::
[2024-04-29T17:17:22.318+0000] {logging_mixin.py:188} INFO - ['dags', 'logs', '***.cfg', 'data']
[2024-04-29T17:17:31.537+0000] {python.py:237} INFO - Done. Returned value was: None
[2024-04-29T17:17:31.537+0000] {taskinstance.py:441} INFO - ::group::Post task execution logs
[2024-04-29T17:17:31.545+0000] {taskinstance.py:1205} INFO - Marking task as SUCCESS. dag_id=fill_data_v11, task_id=raw, execution_date=20240428T000000, start_date=20240429T171722, end_date=20240429T171731
[2024-04-29T17:17:31.562+0000] {local_task_job_runner.py:240} INFO - Task exited with return code 0
[2024-04-29T17:17:31.575+0000] {taskinstance.py:3482} INFO - 1 downstream tasks scheduled from follow-on schedule check
[2024-04-29T17:17:31.578+0000] {local_task_job_runner.py:222} INFO - ::endgroup::
[2024-04-29T18:44:34.358+0000] {local_task_job_runner.py:120} INFO - ::group::Pre task execution logs
[2024-04-29T18:44:37.993+0000] {taskinstance.py:2073} INFO - Dependencies all met for dep_context=non-requeueable deps ti=<TaskInstance: fill_data_v11.raw scheduled__2024-04-28T00:00:00+00:00 [queued]>
[2024-04-29T18:44:38.027+0000] {taskinstance.py:2073} INFO - Dependencies all met for dep_context=requeueable deps ti=<TaskInstance: fill_data_v11.raw scheduled__2024-04-28T00:00:00+00:00 [queued]>
[2024-04-29T18:44:38.028+0000] {taskinstance.py:2303} INFO - Starting attempt 1 of 6
[2024-04-29T18:44:38.113+0000] {taskinstance.py:2327} INFO - Executing <Task(PythonOperator): raw> on 2024-04-28 00:00:00+00:00
[2024-04-29T18:44:38.507+0000] {logging_mixin.py:188} WARNING - /home/***/.local/lib/python3.12/site-packages/***/task/task_runner/standard_task_runner.py:61 DeprecationWarning: This process (pid=344) is multi-threaded, use of fork() may lead to deadlocks in the child.
[2024-04-29T18:44:38.413+0000] {standard_task_runner.py:90} INFO - Running: ['***', 'tasks', 'run', 'fill_data_v11', 'raw', 'scheduled__2024-04-28T00:00:00+00:00', '--job-id', '5', '--raw', '--subdir', 'DAGS_FOLDER/dag_raw_processed.py', '--cfg-path', '/tmp/tmpllwzs1ak']
[2024-04-29T18:44:38.591+0000] {standard_task_runner.py:91} INFO - Job 5: Subtask raw
[2024-04-29T18:44:38.591+0000] {standard_task_runner.py:63} INFO - Started process 350 to run task
[2024-04-29T18:44:39.903+0000] {task_command.py:426} INFO - Running <TaskInstance: fill_data_v11.raw scheduled__2024-04-28T00:00:00+00:00 [running]> on host d1f0cdf1c56a
[2024-04-29T18:44:40.137+0000] {taskinstance.py:2644} INFO - Exporting env vars: AIRFLOW_CTX_DAG_OWNER='mosula' AIRFLOW_CTX_DAG_ID='fill_data_v11' AIRFLOW_CTX_TASK_ID='raw' AIRFLOW_CTX_EXECUTION_DATE='2024-04-28T00:00:00+00:00' AIRFLOW_CTX_TRY_NUMBER='1' AIRFLOW_CTX_DAG_RUN_ID='scheduled__2024-04-28T00:00:00+00:00'
[2024-04-29T18:44:40.139+0000] {taskinstance.py:430} INFO - ::endgroup::
[2024-04-29T18:44:40.248+0000] {logging_mixin.py:188} INFO - ['dags', 'logs', 'models', 'model_config.json', '***.cfg', 'data']
[2024-04-29T18:44:56.694+0000] {python.py:237} INFO - Done. Returned value was: None
[2024-04-29T18:44:56.701+0000] {taskinstance.py:441} INFO - ::group::Post task execution logs
[2024-04-29T18:44:56.723+0000] {taskinstance.py:1205} INFO - Marking task as SUCCESS. dag_id=fill_data_v11, task_id=raw, execution_date=20240428T000000, start_date=20240429T184437, end_date=20240429T184456
[2024-04-29T18:44:56.794+0000] {local_task_job_runner.py:240} INFO - Task exited with return code 0
[2024-04-29T18:44:56.818+0000] {taskinstance.py:3482} INFO - 1 downstream tasks scheduled from follow-on schedule check
[2024-04-29T18:44:56.822+0000] {local_task_job_runner.py:222} INFO - ::endgroup::
[2024-04-29T19:55:21.459+0000] {local_task_job_runner.py:120} INFO - ::group::Pre task execution logs
[2024-04-29T19:55:21.684+0000] {taskinstance.py:2073} INFO - Dependencies all met for dep_context=non-requeueable deps ti=<TaskInstance: fill_data_v11.raw scheduled__2024-04-28T00:00:00+00:00 [queued]>
[2024-04-29T19:55:21.691+0000] {taskinstance.py:2073} INFO - Dependencies all met for dep_context=requeueable deps ti=<TaskInstance: fill_data_v11.raw scheduled__2024-04-28T00:00:00+00:00 [queued]>
[2024-04-29T19:55:21.692+0000] {taskinstance.py:2303} INFO - Starting attempt 1 of 6
[2024-04-29T19:55:21.704+0000] {taskinstance.py:2327} INFO - Executing <Task(PythonOperator): raw> on 2024-04-28 00:00:00+00:00
[2024-04-29T19:55:21.717+0000] {standard_task_runner.py:90} INFO - Running: ['***', 'tasks', 'run', 'fill_data_v11', 'raw', 'scheduled__2024-04-28T00:00:00+00:00', '--job-id', '4', '--raw', '--subdir', 'DAGS_FOLDER/dag_raw_processed.py', '--cfg-path', '/tmp/tmpo18fzwe5']
[2024-04-29T19:55:21.721+0000] {logging_mixin.py:188} WARNING - /home/***/.local/lib/python3.12/site-packages/***/task/task_runner/standard_task_runner.py:61 DeprecationWarning: This process (pid=845) is multi-threaded, use of fork() may lead to deadlocks in the child.
[2024-04-29T19:55:21.721+0000] {standard_task_runner.py:91} INFO - Job 4: Subtask raw
[2024-04-29T19:55:21.722+0000] {standard_task_runner.py:63} INFO - Started process 847 to run task
[2024-04-29T19:55:21.776+0000] {task_command.py:426} INFO - Running <TaskInstance: fill_data_v11.raw scheduled__2024-04-28T00:00:00+00:00 [running]> on host d4bc696c9a4e
[2024-04-29T19:55:21.848+0000] {taskinstance.py:2644} INFO - Exporting env vars: AIRFLOW_CTX_DAG_OWNER='mosula' AIRFLOW_CTX_DAG_ID='fill_data_v11' AIRFLOW_CTX_TASK_ID='raw' AIRFLOW_CTX_EXECUTION_DATE='2024-04-28T00:00:00+00:00' AIRFLOW_CTX_TRY_NUMBER='1' AIRFLOW_CTX_DAG_RUN_ID='scheduled__2024-04-28T00:00:00+00:00'
[2024-04-29T19:55:21.850+0000] {taskinstance.py:430} INFO - ::endgroup::
[2024-04-29T19:55:21.862+0000] {logging_mixin.py:188} INFO - ['dags', 'logs', 'models', 'model_config.json', '***.cfg', 'data', 'predict_config.json']
[2024-04-29T19:55:37.310+0000] {python.py:237} INFO - Done. Returned value was: None
[2024-04-29T19:55:37.312+0000] {taskinstance.py:441} INFO - ::group::Post task execution logs
[2024-04-29T19:55:37.323+0000] {taskinstance.py:1205} INFO - Marking task as SUCCESS. dag_id=fill_data_v11, task_id=raw, execution_date=20240428T000000, start_date=20240429T195521, end_date=20240429T195537
[2024-04-29T19:55:37.369+0000] {local_task_job_runner.py:240} INFO - Task exited with return code 0
[2024-04-29T19:55:37.392+0000] {taskinstance.py:3482} INFO - 1 downstream tasks scheduled from follow-on schedule check
[2024-04-29T19:55:37.395+0000] {local_task_job_runner.py:222} INFO - ::endgroup::
