[2024-04-29T19:04:37.089+0000] {local_task_job_runner.py:120} INFO - ::group::Pre task execution logs
[2024-04-29T19:04:37.111+0000] {taskinstance.py:2073} INFO - Dependencies all met for dep_context=non-requeueable deps ti=<TaskInstance: train_model_v8.train scheduled__2024-04-28T00:00:00+00:00 [queued]>
[2024-04-29T19:04:37.118+0000] {taskinstance.py:2073} INFO - Dependencies all met for dep_context=requeueable deps ti=<TaskInstance: train_model_v8.train scheduled__2024-04-28T00:00:00+00:00 [queued]>
[2024-04-29T19:04:37.119+0000] {taskinstance.py:2303} INFO - Starting attempt 1 of 6
[2024-04-29T19:04:37.130+0000] {taskinstance.py:2327} INFO - Executing <Task(PythonOperator): train> on 2024-04-28 00:00:00+00:00
[2024-04-29T19:04:37.138+0000] {standard_task_runner.py:90} INFO - Running: ['***', 'tasks', 'run', 'train_model_v8', 'train', 'scheduled__2024-04-28T00:00:00+00:00', '--job-id', '15', '--raw', '--subdir', 'DAGS_FOLDER/dag_train.py', '--cfg-path', '/tmp/tmp8pbki1tv']
[2024-04-29T19:04:37.140+0000] {standard_task_runner.py:91} INFO - Job 15: Subtask train
[2024-04-29T19:04:37.141+0000] {logging_mixin.py:188} WARNING - /home/***/.local/lib/python3.12/site-packages/***/task/task_runner/standard_task_runner.py:61 DeprecationWarning: This process (pid=1971) is multi-threaded, use of fork() may lead to deadlocks in the child.
[2024-04-29T19:04:37.142+0000] {standard_task_runner.py:63} INFO - Started process 1988 to run task
[2024-04-29T19:04:37.179+0000] {task_command.py:426} INFO - Running <TaskInstance: train_model_v8.train scheduled__2024-04-28T00:00:00+00:00 [running]> on host d1f0cdf1c56a
[2024-04-29T19:04:37.253+0000] {taskinstance.py:2644} INFO - Exporting env vars: AIRFLOW_CTX_DAG_OWNER='mosula' AIRFLOW_CTX_DAG_ID='train_model_v8' AIRFLOW_CTX_TASK_ID='train' AIRFLOW_CTX_EXECUTION_DATE='2024-04-28T00:00:00+00:00' AIRFLOW_CTX_TRY_NUMBER='1' AIRFLOW_CTX_DAG_RUN_ID='scheduled__2024-04-28T00:00:00+00:00'
[2024-04-29T19:04:37.255+0000] {taskinstance.py:430} INFO - ::endgroup::
[2024-04-29T19:04:37.287+0000] {logging_mixin.py:188} WARNING - /opt/***/dags/dag_train.py:46 UserWarning: pandas only supports SQLAlchemy connectable (engine/connection) or database string URI or sqlite3 DBAPI2 connection. Other DBAPI2 objects are not tested. Please consider using SQLAlchemy.
[2024-04-29T19:04:37.770+0000] {python.py:237} INFO - Done. Returned value was: None
[2024-04-29T19:04:37.771+0000] {taskinstance.py:441} INFO - ::group::Post task execution logs
[2024-04-29T19:04:37.778+0000] {taskinstance.py:1205} INFO - Marking task as SUCCESS. dag_id=train_model_v8, task_id=train, execution_date=20240428T000000, start_date=20240429T190437, end_date=20240429T190437
[2024-04-29T19:04:37.799+0000] {local_task_job_runner.py:240} INFO - Task exited with return code 0
[2024-04-29T19:04:37.810+0000] {taskinstance.py:3482} INFO - 0 downstream tasks scheduled from follow-on schedule check
[2024-04-29T19:04:37.813+0000] {local_task_job_runner.py:222} INFO - ::endgroup::
[2024-04-29T19:56:26.991+0000] {local_task_job_runner.py:120} INFO - ::group::Pre task execution logs
[2024-04-29T19:56:27.116+0000] {taskinstance.py:2073} INFO - Dependencies all met for dep_context=non-requeueable deps ti=<TaskInstance: train_model_v8.train scheduled__2024-04-28T00:00:00+00:00 [queued]>
[2024-04-29T19:56:27.136+0000] {taskinstance.py:2073} INFO - Dependencies all met for dep_context=requeueable deps ti=<TaskInstance: train_model_v8.train scheduled__2024-04-28T00:00:00+00:00 [queued]>
[2024-04-29T19:56:27.138+0000] {taskinstance.py:2303} INFO - Starting attempt 1 of 6
[2024-04-29T19:56:27.186+0000] {taskinstance.py:2327} INFO - Executing <Task(PythonOperator): train> on 2024-04-28 00:00:00+00:00
[2024-04-29T19:56:27.301+0000] {standard_task_runner.py:90} INFO - Running: ['***', 'tasks', 'run', 'train_model_v8', 'train', 'scheduled__2024-04-28T00:00:00+00:00', '--job-id', '6', '--raw', '--subdir', 'DAGS_FOLDER/dag_train.py', '--cfg-path', '/tmp/tmpv2b476wm']
[2024-04-29T19:56:27.325+0000] {logging_mixin.py:188} WARNING - /home/***/.local/lib/python3.12/site-packages/***/task/task_runner/standard_task_runner.py:61 DeprecationWarning: This process (pid=969) is multi-threaded, use of fork() may lead to deadlocks in the child.
[2024-04-29T19:56:27.339+0000] {standard_task_runner.py:91} INFO - Job 6: Subtask train
[2024-04-29T19:56:27.339+0000] {standard_task_runner.py:63} INFO - Started process 986 to run task
[2024-04-29T19:56:27.672+0000] {task_command.py:426} INFO - Running <TaskInstance: train_model_v8.train scheduled__2024-04-28T00:00:00+00:00 [running]> on host d4bc696c9a4e
[2024-04-29T19:56:27.823+0000] {taskinstance.py:2644} INFO - Exporting env vars: AIRFLOW_CTX_DAG_OWNER='mosula' AIRFLOW_CTX_DAG_ID='train_model_v8' AIRFLOW_CTX_TASK_ID='train' AIRFLOW_CTX_EXECUTION_DATE='2024-04-28T00:00:00+00:00' AIRFLOW_CTX_TRY_NUMBER='1' AIRFLOW_CTX_DAG_RUN_ID='scheduled__2024-04-28T00:00:00+00:00'
[2024-04-29T19:56:27.827+0000] {taskinstance.py:430} INFO - ::endgroup::
[2024-04-29T19:56:27.880+0000] {logging_mixin.py:188} WARNING - /opt/***/dags/dag_train.py:46 UserWarning: pandas only supports SQLAlchemy connectable (engine/connection) or database string URI or sqlite3 DBAPI2 connection. Other DBAPI2 objects are not tested. Please consider using SQLAlchemy.
[2024-04-29T19:56:29.013+0000] {python.py:237} INFO - Done. Returned value was: None
[2024-04-29T19:56:29.014+0000] {taskinstance.py:441} INFO - ::group::Post task execution logs
[2024-04-29T19:56:29.025+0000] {taskinstance.py:1205} INFO - Marking task as SUCCESS. dag_id=train_model_v8, task_id=train, execution_date=20240428T000000, start_date=20240429T195627, end_date=20240429T195629
[2024-04-29T19:56:29.057+0000] {local_task_job_runner.py:240} INFO - Task exited with return code 0
[2024-04-29T19:56:29.085+0000] {taskinstance.py:3482} INFO - 0 downstream tasks scheduled from follow-on schedule check
[2024-04-29T19:56:29.089+0000] {local_task_job_runner.py:222} INFO - ::endgroup::
